2020-04-13 23:29:20: === User Changed Action from 'CONFLICT' to 'COPY_FILE_RTOL' on item /AADecoder.py
2020-04-13 23:29:20: Done.
2020-04-13 23:29:23: === User Changed Action from 'CONFLICT' to 'COPY_FILE_RTOL' on item /AADecoder.py
2020-04-13 23:29:23: === User Changed Action from 'CONFLICT' to 'COPY_FILE_RTOL' on item /addon.xml
2020-04-13 23:29:23: === User Changed Action from 'CONFLICT' to 'COPY_FILE_RTOL' on item /changelog.txt
2020-04-13 23:29:23: === User Changed Action from 'COPY_FILE_LTOR' to 'COPY_FILE_RTOL' on item /channels_example.xml
2020-04-13 23:29:23: === User Changed Action from 'COPY_FILE_LTOR' to 'COPY_FILE_RTOL' on item /checkbad.py
2020-04-13 23:29:23: === User Changed Action from 'COPY_FILE_LTOR' to 'COPY_FILE_RTOL' on item /checkbad.pyo
2020-04-13 23:29:23: === User Changed Action from 'CONFLICT' to 'COPY_FILE_RTOL' on item /cloudflare.py
2020-04-13 23:29:23: === User Changed Action from 'COPY_FILE_LTOR' to 'COPY_FILE_RTOL' on item /cloudflare.pyo
2020-04-13 23:29:23: === User Changed Action from 'COPY_FILE_LTOR' to 'COPY_FILE_RTOL' on item /core.py
2020-04-13 23:29:23: === User Changed Action from 'CONFLICT' to 'COPY_FILE_RTOL' on item /CustomPlayer.py
2020-04-13 23:29:23: === User Changed Action from 'CONFLICT' to 'COPY_FILE_RTOL' on item /default.py
2020-04-13 23:29:23: === User Changed Action from 'CONFLICT' to 'COPY_FILE_RTOL' on item /fanart.jpg
2020-04-13 23:29:23: === User Changed Action from 'COPY_FILE_LTOR' to 'COPY_FILE_RTOL' on item /genesisresolvers.py
2020-04-13 23:29:23: === User Changed Action from 'CONFLICT' to 'COPY_FILE_RTOL' on item /icon.png
2020-04-13 23:29:23: === User Changed Action from 'COPY_FILE_LTOR' to 'COPY_FILE_RTOL' on item /items_example.xml
2020-04-13 23:29:23: === User Changed Action from 'CONFLICT' to 'COPY_FILE_RTOL' on item /jscrypto.py
2020-04-13 23:29:23: === User Changed Action from 'CONFLICT' to 'COPY_FILE_RTOL' on item /keepalive.py
2020-04-13 23:29:23: === User Changed Action from 'CONFLICT' to 'COPY_FILE_RTOL' on item /LICENSE.txt
2020-04-13 23:29:23: === User Changed Action from 'CONFLICT' to 'COPY_FILE_RTOL' on item /oneplay.py
2020-04-13 23:29:23: === User Changed Action from 'CONFLICT' to 'COPY_FILE_RTOL' on item /ordereddict.py
2020-04-13 23:29:23: === User Changed Action from 'CONFLICT' to 'COPY_FILE_RTOL' on item /pkcs7.py
2020-04-13 23:29:23: === User Changed Action from 'CONFLICT' to 'COPY_FILE_RTOL' on item /playtvfr.py
2020-04-13 23:29:23: === User Changed Action from 'CONFLICT' to 'COPY_FILE_RTOL' on item /pyaes.py
2020-04-13 23:29:23: === User Changed Action from 'COPY_FILE_LTOR' to 'COPY_FILE_RTOL' on item /pyaes.pyo
2020-04-13 23:29:23: === User Changed Action from 'CONFLICT' to 'COPY_FILE_RTOL' on item /pyaesnew/__init__.py
2020-04-13 23:29:23: === User Changed Action from 'COPY_FILE_LTOR' to 'COPY_FILE_RTOL' on item /pyaesnew/__init__.pyo
2020-04-13 23:29:23: === User Changed Action from 'CONFLICT' to 'COPY_FILE_RTOL' on item /pyaesnew/aes.py
2020-04-13 23:29:23: === User Changed Action from 'COPY_FILE_LTOR' to 'COPY_FILE_RTOL' on item /pyaesnew/aes.pyo
2020-04-13 23:29:23: === User Changed Action from 'CONFLICT' to 'COPY_FILE_RTOL' on item /pyaesnew/blockfeeder.py
2020-04-13 23:29:23: === User Changed Action from 'COPY_FILE_LTOR' to 'COPY_FILE_RTOL' on item /pyaesnew/blockfeeder.pyo
2020-04-13 23:29:23: === User Changed Action from 'CONFLICT' to 'COPY_FILE_RTOL' on item /pyaesnew/util.py
2020-04-13 23:29:23: === User Changed Action from 'COPY_FILE_LTOR' to 'COPY_FILE_RTOL' on item /pyaesnew/util.pyo
2020-04-13 23:29:23: === User Changed Action from 'CONFLICT' to 'COPY_FILE_RTOL' on item /resources/settings.xml
2020-04-13 23:29:23: === User Changed Action from 'CONFLICT' to 'COPY_FILE_RTOL' on item /RijndaelManaged.py
2020-04-13 23:29:23: === User Changed Action from 'CONFLICT' to 'COPY_FILE_RTOL' on item /securi.py
2020-04-13 23:29:23: === User Changed Action from 'COPY_FILE_LTOR' to 'COPY_FILE_RTOL' on item /source_file
2020-04-13 23:29:23: === User Changed Action from 'COPY_FILE_LTOR' to 'COPY_FILE_RTOL' on item /sucuri_cookie.py
2020-04-13 23:29:23: === User Changed Action from 'CONFLICT' to 'COPY_FILE_RTOL' on item /tv5.py
2020-04-13 23:29:23: === User Changed Action from 'CONFLICT' to 'COPY_FILE_RTOL' on item /unCaptcha.py
2020-04-13 23:29:23: === User Changed Action from 'CONFLICT' to 'COPY_FILE_RTOL' on item /vipracing.py
2020-04-13 23:29:23: === User Changed Action from 'CONFLICT' to 'COPY_FILE_RTOL' on item /wattv.py
2020-04-13 23:29:23: === User Changed Action from 'CONFLICT' to 'COPY_FILE_RTOL' on item /websocket/cacert.pem
2020-04-13 23:29:23: === User Changed Action from 'CONFLICT' to 'COPY_FILE_RTOL' on item /websocket/six.py
2020-04-13 23:29:23: === User Changed Action from 'CONFLICT' to 'COPY_FILE_RTOL' on item /websocket/tests/data/header01.txt
2020-04-13 23:29:23: === User Changed Action from 'CONFLICT' to 'COPY_FILE_RTOL' on item /websocket/tests/data/header02.txt
2020-04-13 23:29:23: === User Changed Action from 'CONFLICT' to 'COPY_FILE_RTOL' on item /websocket/tests/test_websocket.py
2020-04-13 23:29:23: Done.
2020-04-13 23:29:39: == Sync Started by User Command
2020-04-13 23:29:52: Deletar Arquivo 'C:/Users/adelv/AppData/Roaming/Kodi/addons/plugin.video.WEBPLAY/channels_example.xml' (User Action)
2020-04-13 23:29:52: Deletar Arquivo 'C:/Users/adelv/AppData/Roaming/Kodi/addons/plugin.video.WEBPLAY/checkbad.py' (User Action)
2020-04-13 23:29:52: Deletar Arquivo 'C:/Users/adelv/AppData/Roaming/Kodi/addons/plugin.video.WEBPLAY/checkbad.pyo' (User Action)
2020-04-13 23:29:52: Deletar Arquivo 'C:/Users/adelv/AppData/Roaming/Kodi/addons/plugin.video.WEBPLAY/cloudflare.pyo' (User Action)
2020-04-13 23:29:52: Deletar Arquivo 'C:/Users/adelv/AppData/Roaming/Kodi/addons/plugin.video.WEBPLAY/core.py' (User Action)
2020-04-13 23:29:52: Deletar Arquivo 'C:/Users/adelv/AppData/Roaming/Kodi/addons/plugin.video.WEBPLAY/genesisresolvers.py' (User Action)
2020-04-13 23:29:52: Deletar Arquivo 'C:/Users/adelv/AppData/Roaming/Kodi/addons/plugin.video.WEBPLAY/items_example.xml' (User Action)
2020-04-13 23:29:52: Deletar Arquivo 'C:/Users/adelv/AppData/Roaming/Kodi/addons/plugin.video.WEBPLAY/pyaes.pyo' (User Action)
2020-04-13 23:29:52: Deletar Arquivo 'C:/Users/adelv/AppData/Roaming/Kodi/addons/plugin.video.WEBPLAY/pyaesnew/__init__.pyo' (User Action)
2020-04-13 23:29:52: Deletar Arquivo 'C:/Users/adelv/AppData/Roaming/Kodi/addons/plugin.video.WEBPLAY/pyaesnew/aes.pyo' (User Action)
2020-04-13 23:29:52: Deletar Arquivo 'C:/Users/adelv/AppData/Roaming/Kodi/addons/plugin.video.WEBPLAY/pyaesnew/blockfeeder.pyo' (User Action)
2020-04-13 23:29:52: Deletar Arquivo 'C:/Users/adelv/AppData/Roaming/Kodi/addons/plugin.video.WEBPLAY/pyaesnew/util.pyo' (User Action)
2020-04-13 23:29:52: Deletar Arquivo 'C:/Users/adelv/AppData/Roaming/Kodi/addons/plugin.video.WEBPLAY/source_file' (User Action)
2020-04-13 23:29:52: Deletar Arquivo 'C:/Users/adelv/AppData/Roaming/Kodi/addons/plugin.video.WEBPLAY/sucuri_cookie.py' (User Action)
2020-04-13 23:29:52: Criar Pasta 'C:/Users/adelv/AppData/Roaming/Kodi/addons/plugin.video.WEBPLAY/resources/screenshots'
2020-04-13 23:29:52: Criar Pasta 'C:/Users/adelv/AppData/Roaming/Kodi/addons/plugin.video.WEBPLAY/resources/scripts'
2020-04-13 23:29:52: Criar Pasta 'C:/Users/adelv/AppData/Roaming/Kodi/addons/plugin.video.WEBPLAY/websocket/__pycache__'
2020-04-13 23:29:55: Copiar Novo 'gdrive://www.googleapis.com/plugin.video.WEBPLAY/_DMsearch.py' -> 'C:/Users/adelv/AppData/Roaming/Kodi/addons/plugin.video.WEBPLAY/_DMsearch.py' (4.286)
2020-04-13 23:29:59: Copiar Novo 'gdrive://www.googleapis.com/plugin.video.WEBPLAY/_ytplist.py' -> 'C:/Users/adelv/AppData/Roaming/Kodi/addons/plugin.video.WEBPLAY/_ytplist.py' (4.161)
2020-04-13 23:30:11: Copiar Sobre 'gdrive://www.googleapis.com/plugin.video.WEBPLAY/AADecoder.py' -> 'C:/Users/adelv/AppData/Roaming/Kodi/addons/plugin.video.WEBPLAY/AADecoder.py' (9.322) (User Action)
2020-04-13 23:30:15: Copiar Sobre 'gdrive://www.googleapis.com/plugin.video.WEBPLAY/addon.xml' -> 'C:/Users/adelv/AppData/Roaming/Kodi/addons/plugin.video.WEBPLAY/addon.xml' (3.275) (User Action)
2020-04-13 23:30:23: Copiar Sobre 'gdrive://www.googleapis.com/plugin.video.WEBPLAY/changelog.txt' -> 'C:/Users/adelv/AppData/Roaming/Kodi/addons/plugin.video.WEBPLAY/changelog.txt' (20) (User Action)
2020-04-13 23:30:26: Copiar Sobre 'gdrive://www.googleapis.com/plugin.video.WEBPLAY/cloudflare.py' -> 'C:/Users/adelv/AppData/Roaming/Kodi/addons/plugin.video.WEBPLAY/cloudflare.py' (2.884) (User Action)
2020-04-13 23:30:31: Copiar Sobre 'gdrive://www.googleapis.com/plugin.video.WEBPLAY/CustomPlayer.py' -> 'C:/Users/adelv/AppData/Roaming/Kodi/addons/plugin.video.WEBPLAY/CustomPlayer.py' (999) (User Action)
2020-04-13 23:30:43: Copiar Sobre 'gdrive://www.googleapis.com/plugin.video.WEBPLAY/default.py' -> 'C:/Users/adelv/AppData/Roaming/Kodi/addons/plugin.video.WEBPLAY/default.py' (130.604) (User Action)
2020-04-13 23:32:44: Copiar Sobre 'gdrive://www.googleapis.com/plugin.video.WEBPLAY/fanart.jpg' -> 'C:/Users/adelv/AppData/Roaming/Kodi/addons/plugin.video.WEBPLAY/fanart.jpg' (1.103.402) (User Action)
2020-04-13 23:32:59: Copiar Novo 'gdrive://www.googleapis.com/plugin.video.WEBPLAY/generator.py' -> 'C:/Users/adelv/AppData/Roaming/Kodi/addons/plugin.video.WEBPLAY/generator.py' (63.656)
2020-04-13 23:33:24: Copiar Novo 'gdrive://www.googleapis.com/plugin.video.WEBPLAY/generator.pyo' -> 'C:/Users/adelv/AppData/Roaming/Kodi/addons/plugin.video.WEBPLAY/generator.pyo' (88.010)
2020-04-13 23:35:02: Copiar Sobre 'gdrive://www.googleapis.com/plugin.video.WEBPLAY/icon.png' -> 'C:/Users/adelv/AppData/Roaming/Kodi/addons/plugin.video.WEBPLAY/icon.png' (436.125) (User Action)
2020-04-13 23:36:31: Copiar Novo 'gdrive://www.googleapis.com/plugin.video.WEBPLAY/Images/background.png' -> 'C:/Users/adelv/AppData/Roaming/Kodi/addons/plugin.video.WEBPLAY/Images/background.png' (382.781)
2020-04-13 23:36:39: Copiar Novo 'gdrive://www.googleapis.com/plugin.video.WEBPLAY/Images/trans_checked.png' -> 'C:/Users/adelv/AppData/Roaming/Kodi/addons/plugin.video.WEBPLAY/Images/trans_checked.png' (2.589)
2020-04-13 23:36:42: Copiar Novo 'gdrive://www.googleapis.com/plugin.video.WEBPLAY/Images/trans_unchecked1.png' -> 'C:/Users/adelv/AppData/Roaming/Kodi/addons/plugin.video.WEBPLAY/Images/trans_unchecked1.png' (280)
2020-04-13 23:36:57: Copiar Sobre 'gdrive://www.googleapis.com/plugin.video.WEBPLAY/jscrypto.py' -> 'C:/Users/adelv/AppData/Roaming/Kodi/addons/plugin.video.WEBPLAY/jscrypto.py' (4.339) (User Action)
2020-04-13 23:37:09: Copiar Sobre 'gdrive://www.googleapis.com/plugin.video.WEBPLAY/keepalive.py' -> 'C:/Users/adelv/AppData/Roaming/Kodi/addons/plugin.video.WEBPLAY/keepalive.py' (20.502) (User Action)
2020-04-13 23:37:13: Copiar Sobre 'gdrive://www.googleapis.com/plugin.video.WEBPLAY/LICENSE.txt' -> 'C:/Users/adelv/AppData/Roaming/Kodi/addons/plugin.video.WEBPLAY/LICENSE.txt' (15.220) (User Action)
2020-04-13 23:37:17: Copiar Novo 'gdrive://www.googleapis.com/plugin.video.WEBPLAY/myaddonmenu.xml' -> 'C:/Users/adelv/AppData/Roaming/Kodi/addons/plugin.video.WEBPLAY/myaddonmenu.xml' (466)
2020-04-13 23:37:26: Copiar Sobre 'gdrive://www.googleapis.com/plugin.video.WEBPLAY/oneplay.py' -> 'C:/Users/adelv/AppData/Roaming/Kodi/addons/plugin.video.WEBPLAY/oneplay.py' (12.852) (User Action)
2020-04-13 23:37:30: Copiar Sobre 'gdrive://www.googleapis.com/plugin.video.WEBPLAY/ordereddict.py' -> 'C:/Users/adelv/AppData/Roaming/Kodi/addons/plugin.video.WEBPLAY/ordereddict.py' (4.221) (User Action)
2020-04-13 23:37:33: Copiar Sobre 'gdrive://www.googleapis.com/plugin.video.WEBPLAY/pkcs7.py' -> 'C:/Users/adelv/AppData/Roaming/Kodi/addons/plugin.video.WEBPLAY/pkcs7.py' (1.998) (User Action)
2020-04-13 23:37:43: Copiar Sobre 'gdrive://www.googleapis.com/plugin.video.WEBPLAY/playtvfr.py' -> 'C:/Users/adelv/AppData/Roaming/Kodi/addons/plugin.video.WEBPLAY/playtvfr.py' (9.027) (User Action)
2020-04-13 23:37:48: Copiar Sobre 'gdrive://www.googleapis.com/plugin.video.WEBPLAY/pyaes.py' -> 'C:/Users/adelv/AppData/Roaming/Kodi/addons/plugin.video.WEBPLAY/pyaes.py' (17.162) (User Action)
2020-04-13 23:37:57: Copiar Sobre 'gdrive://www.googleapis.com/plugin.video.WEBPLAY/pyaesnew/__init__.py' -> 'C:/Users/adelv/AppData/Roaming/Kodi/addons/plugin.video.WEBPLAY/pyaesnew/__init__.py' (2.087) (User Action)
2020-04-13 23:38:05: Copiar Sobre 'gdrive://www.googleapis.com/plugin.video.WEBPLAY/pyaesnew/aes.py' -> 'C:/Users/adelv/AppData/Roaming/Kodi/addons/plugin.video.WEBPLAY/pyaesnew/aes.py' (60.310) (User Action)
2020-04-13 23:38:15: Copiar Sobre 'gdrive://www.googleapis.com/plugin.video.WEBPLAY/pyaesnew/blockfeeder.py' -> 'C:/Users/adelv/AppData/Roaming/Kodi/addons/plugin.video.WEBPLAY/pyaesnew/blockfeeder.py' (8.119) (User Action)
2020-04-13 23:38:36: Copiar Sobre 'gdrive://www.googleapis.com/plugin.video.WEBPLAY/pyaesnew/util.py' -> 'C:/Users/adelv/AppData/Roaming/Kodi/addons/plugin.video.WEBPLAY/pyaesnew/util.py' (2.050) (User Action)
2020-04-13 23:38:48: Copiar Novo 'gdrive://www.googleapis.com/plugin.video.WEBPLAY/resources/favorite.png' -> 'C:/Users/adelv/AppData/Roaming/Kodi/addons/plugin.video.WEBPLAY/resources/favorite.png' (64.509)
2020-04-13 23:39:39: Copiar Novo 'gdrive://www.googleapis.com/plugin.video.WEBPLAY/resources/screenshots/1.jpg' -> 'C:/Users/adelv/AppData/Roaming/Kodi/addons/plugin.video.WEBPLAY/resources/screenshots/1.jpg' (436.125)
2020-04-13 23:40:48: Copiar Novo 'gdrive://www.googleapis.com/plugin.video.WEBPLAY/resources/screenshots/2.jpg' -> 'C:/Users/adelv/AppData/Roaming/Kodi/addons/plugin.video.WEBPLAY/resources/screenshots/2.jpg' (242.683)
2020-04-13 23:52:07: Copiar Novo 'gdrive://www.googleapis.com/plugin.video.WEBPLAY/resources/screenshots/3.jpg' -> 'C:/Users/adelv/AppData/Roaming/Kodi/addons/plugin.video.WEBPLAY/resources/screenshots/3.jpg' (2.529.857)
2020-04-13 23:53:08: Copiar Novo 'gdrive://www.googleapis.com/plugin.video.WEBPLAY/resources/scripts/open.mp3' -> 'C:/Users/adelv/AppData/Roaming/Kodi/addons/plugin.video.WEBPLAY/resources/scripts/open.mp3' (153.286)
2020-04-13 23:53:11: Copiar Sobre 'gdrive://www.googleapis.com/plugin.video.WEBPLAY/resources/settings.xml' -> 'C:/Users/adelv/AppData/Roaming/Kodi/addons/plugin.video.WEBPLAY/resources/settings.xml' (4.539) (User Action)
2020-04-13 23:53:14: Copiar Sobre 'gdrive://www.googleapis.com/plugin.video.WEBPLAY/RijndaelManaged.py' -> 'C:/Users/adelv/AppData/Roaming/Kodi/addons/plugin.video.WEBPLAY/RijndaelManaged.py' (494) (User Action)
2020-04-13 23:53:19: Copiar Sobre 'gdrive://www.googleapis.com/plugin.video.WEBPLAY/securi.py' -> 'C:/Users/adelv/AppData/Roaming/Kodi/addons/plugin.video.WEBPLAY/securi.py' (3.059) (User Action)
2020-04-13 23:53:29: Copiar Sobre 'gdrive://www.googleapis.com/plugin.video.WEBPLAY/tv5.py' -> 'C:/Users/adelv/AppData/Roaming/Kodi/addons/plugin.video.WEBPLAY/tv5.py' (7.155) (User Action)
2020-04-13 23:53:41: Copiar Sobre 'gdrive://www.googleapis.com/plugin.video.WEBPLAY/unCaptcha.py' -> 'C:/Users/adelv/AppData/Roaming/Kodi/addons/plugin.video.WEBPLAY/unCaptcha.py' (15.259) (User Action)
2020-04-13 23:53:44: Copiar Sobre 'gdrive://www.googleapis.com/plugin.video.WEBPLAY/vipracing.py' -> 'C:/Users/adelv/AppData/Roaming/Kodi/addons/plugin.video.WEBPLAY/vipracing.py' (19.088) (User Action)
2020-04-13 23:53:48: Copiar Sobre 'gdrive://www.googleapis.com/plugin.video.WEBPLAY/wattv.py' -> 'C:/Users/adelv/AppData/Roaming/Kodi/addons/plugin.video.WEBPLAY/wattv.py' (477) (User Action)
2020-04-13 23:53:54: Copiar Novo 'gdrive://www.googleapis.com/plugin.video.WEBPLAY/websocket/__init__.py' -> 'C:/Users/adelv/AppData/Roaming/Kodi/addons/plugin.video.WEBPLAY/websocket/__init__.py' (927)
2020-04-13 23:54:03: Copiar Novo 'gdrive://www.googleapis.com/plugin.video.WEBPLAY/websocket/__pycache__/six.cpython-36.pyc' -> 'C:/Users/adelv/AppData/Roaming/Kodi/addons/plugin.video.WEBPLAY/websocket/__pycache__/six.cpython-36.pyc' (24.466)
2020-04-13 23:54:19: Copiar Novo 'gdrive://www.googleapis.com/plugin.video.WEBPLAY/websocket/_abnf.py' -> 'C:/Users/adelv/AppData/Roaming/Kodi/addons/plugin.video.WEBPLAY/websocket/_abnf.py' (12.382)
2020-04-13 23:54:31: Copiar Novo 'gdrive://www.googleapis.com/plugin.video.WEBPLAY/websocket/_app.py' -> 'C:/Users/adelv/AppData/Roaming/Kodi/addons/plugin.video.WEBPLAY/websocket/_app.py' (10.861)
2020-04-13 23:54:36: Copiar Novo 'gdrive://www.googleapis.com/plugin.video.WEBPLAY/websocket/_core.py' -> 'C:/Users/adelv/AppData/Roaming/Kodi/addons/plugin.video.WEBPLAY/websocket/_core.py' (16.444)
2020-04-13 23:54:45: Copiar Novo 'gdrive://www.googleapis.com/plugin.video.WEBPLAY/websocket/_exceptions.py' -> 'C:/Users/adelv/AppData/Roaming/Kodi/addons/plugin.video.WEBPLAY/websocket/_exceptions.py' (2.126)
2020-04-13 23:54:51: Copiar Novo 'gdrive://www.googleapis.com/plugin.video.WEBPLAY/websocket/_handshake.py' -> 'C:/Users/adelv/AppData/Roaming/Kodi/addons/plugin.video.WEBPLAY/websocket/_handshake.py' (4.830)
2020-04-13 23:54:59: Copiar Novo 'gdrive://www.googleapis.com/plugin.video.WEBPLAY/websocket/_http.py' -> 'C:/Users/adelv/AppData/Roaming/Kodi/addons/plugin.video.WEBPLAY/websocket/_http.py' (7.253)
2020-04-13 23:55:03: Copiar Novo 'gdrive://www.googleapis.com/plugin.video.WEBPLAY/websocket/_logging.py' -> 'C:/Users/adelv/AppData/Roaming/Kodi/addons/plugin.video.WEBPLAY/websocket/_logging.py' (1.865)
2020-04-13 23:55:07: Copiar Novo 'gdrive://www.googleapis.com/plugin.video.WEBPLAY/websocket/_socket.py' -> 'C:/Users/adelv/AppData/Roaming/Kodi/addons/plugin.video.WEBPLAY/websocket/_socket.py' (3.603)
2020-04-13 23:55:11: Copiar Novo 'gdrive://www.googleapis.com/plugin.video.WEBPLAY/websocket/_ssl_compat.py' -> 'C:/Users/adelv/AppData/Roaming/Kodi/addons/plugin.video.WEBPLAY/websocket/_ssl_compat.py' (1.551)
2020-04-13 23:55:19: Copiar Novo 'gdrive://www.googleapis.com/plugin.video.WEBPLAY/websocket/_url.py' -> 'C:/Users/adelv/AppData/Roaming/Kodi/addons/plugin.video.WEBPLAY/websocket/_url.py' (3.667)
2020-04-13 23:55:26: Copiar Novo 'gdrive://www.googleapis.com/plugin.video.WEBPLAY/websocket/_utils.py' -> 'C:/Users/adelv/AppData/Roaming/Kodi/addons/plugin.video.WEBPLAY/websocket/_utils.py' (3.613)
2020-04-13 23:57:17: Copiar Sobre 'gdrive://www.googleapis.com/plugin.video.WEBPLAY/websocket/cacert.pem' -> 'C:/Users/adelv/AppData/Roaming/Kodi/addons/plugin.video.WEBPLAY/websocket/cacert.pem' (304.893) (User Action)
2020-04-13 23:57:30: Copiar Sobre 'gdrive://www.googleapis.com/plugin.video.WEBPLAY/websocket/six.py' -> 'C:/Users/adelv/AppData/Roaming/Kodi/addons/plugin.video.WEBPLAY/websocket/six.py' (30.098) (User Action)
2020-04-13 23:57:36: Copiar Novo 'gdrive://www.googleapis.com/plugin.video.WEBPLAY/websocket/tests/__init__.py' -> 'C:/Users/adelv/AppData/Roaming/Kodi/addons/plugin.video.WEBPLAY/websocket/tests/__init__.py' (0)
2020-04-13 23:57:41: Copiar Sobre 'gdrive://www.googleapis.com/plugin.video.WEBPLAY/websocket/tests/data/header01.txt' -> 'C:/Users/adelv/AppData/Roaming/Kodi/addons/plugin.video.WEBPLAY/websocket/tests/data/header01.txt' (157) (User Action)
2020-04-13 23:57:48: Copiar Sobre 'gdrive://www.googleapis.com/plugin.video.WEBPLAY/websocket/tests/data/header02.txt' -> 'C:/Users/adelv/AppData/Roaming/Kodi/addons/plugin.video.WEBPLAY/websocket/tests/data/header02.txt' (155) (User Action)
2020-04-13 23:57:53: Copiar Sobre 'gdrive://www.googleapis.com/plugin.video.WEBPLAY/websocket/tests/test_websocket.py' -> 'C:/Users/adelv/AppData/Roaming/Kodi/addons/plugin.video.WEBPLAY/websocket/tests/test_websocket.py' (26.212) (User Action)
2020-04-13 23:58:03: Copiar Novo 'gdrive://www.googleapis.com/plugin.video.WEBPLAY/youtubedl.py' -> 'C:/Users/adelv/AppData/Roaming/Kodi/addons/plugin.video.WEBPLAY/youtubedl.py' (1.858)
2020-04-13 23:58:18: ===== Sincronia Completada. Tempo: 00:28:51, Velocidade: 6.08 KB/s =====, Itens Sincronizados OK: 83, Erros: 0
2020-04-13 23:58:22: 
